Build started 5/23/2013 11:30:08 AM.
     1>Project "C:\Users\Kenny\Documents\Visual Studio 2010\Projects\MiniGolf\MiniGolf_CS164\MiniGolf_CS164.vcxproj" on node 2 (build target(s)).
     1>InitializeBuildStatus:
         Touching "Debug\MiniGolf_CS164.unsuccessfulbuild".
       ClCompile:
         C:\Program Files (x86)\Microsoft Visual Studio 10.0\VC\bin\CL.exe /c /ZI /nologo /W3 /WX- /Od /Oy- /D WIN32 /D _DEBUG /D _CONSOLE /D _UNICODE /D UNICODE /Gm /EHsc /RTC1 /MDd /GS /fp:precise /Zc:wchar_t /Zc:forScope /Fo"Debug\\" /Fd"Debug\vc100.pdb" /Gd /TP /analyze- /errorReport:prompt Mesh.cpp NewRenderable.cpp main.cpp
         NewRenderable.cpp
         Generating Code...
         Skipping... (no relevant changes detected)
         main.cpp
         Mesh.cpp
       ManifestResourceCompile:
         All outputs are up-to-date.
       Link:
         C:\Program Files (x86)\Microsoft Visual Studio 10.0\VC\bin\link.exe /ERRORREPORT:PROMPT /OUT:"C:\Users\Kenny\Documents\Visual Studio 2010\Projects\MiniGolf\Debug\MiniGolf_CS164.exe" /INCREMENTAL /NOLOGO kernel32.lib user32.lib gdi32.lib winspool.lib comdlg32.lib advapi32.lib shell32.lib ole32.lib oleaut32.lib uuid.lib odbc32.lib odbccp32.lib OpenGL32.lib glew32.lib freeglut.lib glfw.lib kernel32.lib user32.lib gdi32.lib winspool.lib comdlg32.lib advapi32.lib shell32.lib ole32.lib oleaut32.lib uuid.lib odbc32.lib odbccp32.lib /MANIFEST /ManifestFile:"Debug\MiniGolf_CS164.exe.intermediate.manifest" /MANIFESTUAC:"level='asInvoker' uiAccess='false'" /DEBUG /PDB:"C:\Users\Kenny\Documents\Visual Studio 2010\Projects\MiniGolf\Debug\MiniGolf_CS164.pdb" /SUBSYSTEM:CONSOLE /TLBID:1 /DYNAMICBASE /NXCOMPAT /IMPLIB:"C:\Users\Kenny\Documents\Visual Studio 2010\Projects\MiniGolf\Debug\MiniGolf_CS164.lib" /MACHINE:X86 Debug\MiniGolf_CS164.exe.embed.manifest.res
         Debug\ArcballCamera.obj
         Debug\Camera.obj
         Debug\FreelookCamera.obj
         Debug\GameTimer.obj
         Debug\Golfball.obj
         Debug\Kengine.obj
         Debug\Level.obj
         Debug\main.obj
         Debug\MatrixObject.obj
         Debug\Mesh.obj
         Debug\Moveable.obj
         Debug\NewRenderable.obj
         Debug\Projection.obj
         Debug\Renderable.obj
         Debug\Shader.obj
         Debug\Tile.obj
         Debug\UserInput.obj
         Debug\VertexObject.obj
       Manifest:
         C:\Program Files (x86)\Microsoft SDKs\Windows\v7.0A\bin\mt.exe /nologo /verbose /out:"Debug\MiniGolf_CS164.exe.embed.manifest" /manifest Debug\MiniGolf_CS164.exe.intermediate.manifest
         All outputs are up-to-date.
       LinkEmbedManifest:
         All outputs are up-to-date.
         MiniGolf_CS164.vcxproj -> C:\Users\Kenny\Documents\Visual Studio 2010\Projects\MiniGolf\Debug\MiniGolf_CS164.exe
       FinalizeBuildStatus:
         Deleting file "Debug\MiniGolf_CS164.unsuccessfulbuild".
         Touching "Debug\MiniGolf_CS164.lastbuildstate".
     1>Done Building Project "C:\Users\Kenny\Documents\Visual Studio 2010\Projects\MiniGolf\MiniGolf_CS164\MiniGolf_CS164.vcxproj" (build target(s)).

Build succeeded.

Time Elapsed 00:00:00.88
