C:\USERS\KENNY\DOCUMENTS\VISUAL STUDIO 2010\PROJECTS\CS164MINIGOLF\DEBUG\MINIGOLF_CS164.EXE
C:\USERS\KENNY\DOCUMENTS\VISUAL STUDIO 2010\PROJECTS\CS164MINIGOLF\DEBUG\MINIGOLF_CS164.ILK
C:\USERS\KENNY\DOCUMENTS\VISUAL STUDIO 2010\PROJECTS\CS164MINIGOLF\DEBUG\MINIGOLF_CS164.PDB
C:\USERS\KENNY\DOCUMENTS\VISUAL STUDIO 2010\PROJECTS\CS164MINIGOLF\MINIGOLF_CS164\DEBUG\ARCBALLCAMERA.OBJ
C:\USERS\KENNY\DOCUMENTS\VISUAL STUDIO 2010\PROJECTS\CS164MINIGOLF\MINIGOLF_CS164\DEBUG\BASECAMERA.OBJ
C:\USERS\KENNY\DOCUMENTS\VISUAL STUDIO 2010\PROJECTS\CS164MINIGOLF\MINIGOLF_CS164\DEBUG\CAMERA.OBJ
C:\Users\Kenny\Documents\Visual Studio 2010\Projects\CS164MiniGolf\MiniGolf_CS164\Debug\cl.command.1.tlog
C:\Users\Kenny\Documents\Visual Studio 2010\Projects\CS164MiniGolf\MiniGolf_CS164\Debug\CL.read.1.tlog
C:\Users\Kenny\Documents\Visual Studio 2010\Projects\CS164MiniGolf\MiniGolf_CS164\Debug\CL.write.1.tlog
C:\USERS\KENNY\DOCUMENTS\VISUAL STUDIO 2010\PROJECTS\CS164MINIGOLF\MINIGOLF_CS164\DEBUG\FREELOOKCAMERA.OBJ
C:\USERS\KENNY\DOCUMENTS\VISUAL STUDIO 2010\PROJECTS\CS164MINIGOLF\MINIGOLF_CS164\DEBUG\GAMETIMER.OBJ
C:\USERS\KENNY\DOCUMENTS\VISUAL STUDIO 2010\PROJECTS\CS164MINIGOLF\MINIGOLF_CS164\DEBUG\KENGINE.OBJ
C:\USERS\KENNY\DOCUMENTS\VISUAL STUDIO 2010\PROJECTS\CS164MINIGOLF\MINIGOLF_CS164\DEBUG\LEVEL.OBJ
C:\Users\Kenny\Documents\Visual Studio 2010\Projects\CS164MiniGolf\MiniGolf_CS164\Debug\link.2156.read.1.tlog
C:\Users\Kenny\Documents\Visual Studio 2010\Projects\CS164MiniGolf\MiniGolf_CS164\Debug\link.2156.write.1.tlog
C:\Users\Kenny\Documents\Visual Studio 2010\Projects\CS164MiniGolf\MiniGolf_CS164\Debug\link.2156-cvtres.read.1.tlog
C:\Users\Kenny\Documents\Visual Studio 2010\Projects\CS164MiniGolf\MiniGolf_CS164\Debug\link.2156-cvtres.write.1.tlog
C:\Users\Kenny\Documents\Visual Studio 2010\Projects\CS164MiniGolf\MiniGolf_CS164\Debug\link.2232.read.1.tlog
C:\Users\Kenny\Documents\Visual Studio 2010\Projects\CS164MiniGolf\MiniGolf_CS164\Debug\link.2232.write.1.tlog
C:\Users\Kenny\Documents\Visual Studio 2010\Projects\CS164MiniGolf\MiniGolf_CS164\Debug\link.2232-cvtres.read.1.tlog
C:\Users\Kenny\Documents\Visual Studio 2010\Projects\CS164MiniGolf\MiniGolf_CS164\Debug\link.2232-cvtres.write.1.tlog
C:\Users\Kenny\Documents\Visual Studio 2010\Projects\CS164MiniGolf\MiniGolf_CS164\Debug\link.2284.read.1.tlog
C:\Users\Kenny\Documents\Visual Studio 2010\Projects\CS164MiniGolf\MiniGolf_CS164\Debug\link.2284.write.1.tlog
C:\Users\Kenny\Documents\Visual Studio 2010\Projects\CS164MiniGolf\MiniGolf_CS164\Debug\link.2284-cvtres.read.1.tlog
C:\Users\Kenny\Documents\Visual Studio 2010\Projects\CS164MiniGolf\MiniGolf_CS164\Debug\link.2284-cvtres.write.1.tlog
C:\Users\Kenny\Documents\Visual Studio 2010\Projects\CS164MiniGolf\MiniGolf_CS164\Debug\link.284.read.1.tlog
C:\Users\Kenny\Documents\Visual Studio 2010\Projects\CS164MiniGolf\MiniGolf_CS164\Debug\link.284.write.1.tlog
C:\Users\Kenny\Documents\Visual Studio 2010\Projects\CS164MiniGolf\MiniGolf_CS164\Debug\link.284-cvtres.read.1.tlog
C:\Users\Kenny\Documents\Visual Studio 2010\Projects\CS164MiniGolf\MiniGolf_CS164\Debug\link.284-cvtres.write.1.tlog
C:\Users\Kenny\Documents\Visual Studio 2010\Projects\CS164MiniGolf\MiniGolf_CS164\Debug\link.320.read.1.tlog
C:\Users\Kenny\Documents\Visual Studio 2010\Projects\CS164MiniGolf\MiniGolf_CS164\Debug\link.320.write.1.tlog
C:\Users\Kenny\Documents\Visual Studio 2010\Projects\CS164MiniGolf\MiniGolf_CS164\Debug\link.320-cvtres.read.1.tlog
C:\Users\Kenny\Documents\Visual Studio 2010\Projects\CS164MiniGolf\MiniGolf_CS164\Debug\link.320-cvtres.write.1.tlog
C:\Users\Kenny\Documents\Visual Studio 2010\Projects\CS164MiniGolf\MiniGolf_CS164\Debug\link.4308.read.1.tlog
C:\Users\Kenny\Documents\Visual Studio 2010\Projects\CS164MiniGolf\MiniGolf_CS164\Debug\link.4308.write.1.tlog
C:\Users\Kenny\Documents\Visual Studio 2010\Projects\CS164MiniGolf\MiniGolf_CS164\Debug\link.4308-cvtres.read.1.tlog
C:\Users\Kenny\Documents\Visual Studio 2010\Projects\CS164MiniGolf\MiniGolf_CS164\Debug\link.4308-cvtres.write.1.tlog
C:\Users\Kenny\Documents\Visual Studio 2010\Projects\CS164MiniGolf\MiniGolf_CS164\Debug\link.4648.read.1.tlog
C:\Users\Kenny\Documents\Visual Studio 2010\Projects\CS164MiniGolf\MiniGolf_CS164\Debug\link.4648.write.1.tlog
C:\Users\Kenny\Documents\Visual Studio 2010\Projects\CS164MiniGolf\MiniGolf_CS164\Debug\link.4648-cvtres.read.1.tlog
C:\Users\Kenny\Documents\Visual Studio 2010\Projects\CS164MiniGolf\MiniGolf_CS164\Debug\link.4648-cvtres.write.1.tlog
C:\Users\Kenny\Documents\Visual Studio 2010\Projects\CS164MiniGolf\MiniGolf_CS164\Debug\link.5772.read.1.tlog
C:\Users\Kenny\Documents\Visual Studio 2010\Projects\CS164MiniGolf\MiniGolf_CS164\Debug\link.5772.write.1.tlog
C:\Users\Kenny\Documents\Visual Studio 2010\Projects\CS164MiniGolf\MiniGolf_CS164\Debug\link.5772-cvtres.read.1.tlog
C:\Users\Kenny\Documents\Visual Studio 2010\Projects\CS164MiniGolf\MiniGolf_CS164\Debug\link.5772-cvtres.write.1.tlog
C:\Users\Kenny\Documents\Visual Studio 2010\Projects\CS164MiniGolf\MiniGolf_CS164\Debug\link.6156.read.1.tlog
C:\Users\Kenny\Documents\Visual Studio 2010\Projects\CS164MiniGolf\MiniGolf_CS164\Debug\link.6156.write.1.tlog
C:\Users\Kenny\Documents\Visual Studio 2010\Projects\CS164MiniGolf\MiniGolf_CS164\Debug\link.6156-cvtres.read.1.tlog
C:\Users\Kenny\Documents\Visual Studio 2010\Projects\CS164MiniGolf\MiniGolf_CS164\Debug\link.6156-cvtres.write.1.tlog
C:\Users\Kenny\Documents\Visual Studio 2010\Projects\CS164MiniGolf\MiniGolf_CS164\Debug\link.6488.read.1.tlog
C:\Users\Kenny\Documents\Visual Studio 2010\Projects\CS164MiniGolf\MiniGolf_CS164\Debug\link.6488.write.1.tlog
C:\Users\Kenny\Documents\Visual Studio 2010\Projects\CS164MiniGolf\MiniGolf_CS164\Debug\link.6488-cvtres.read.1.tlog
C:\Users\Kenny\Documents\Visual Studio 2010\Projects\CS164MiniGolf\MiniGolf_CS164\Debug\link.6488-cvtres.write.1.tlog
C:\Users\Kenny\Documents\Visual Studio 2010\Projects\CS164MiniGolf\MiniGolf_CS164\Debug\link.6728.read.1.tlog
C:\Users\Kenny\Documents\Visual Studio 2010\Projects\CS164MiniGolf\MiniGolf_CS164\Debug\link.6728.write.1.tlog
C:\Users\Kenny\Documents\Visual Studio 2010\Projects\CS164MiniGolf\MiniGolf_CS164\Debug\link.6728-cvtres.read.1.tlog
C:\Users\Kenny\Documents\Visual Studio 2010\Projects\CS164MiniGolf\MiniGolf_CS164\Debug\link.6728-cvtres.write.1.tlog
C:\Users\Kenny\Documents\Visual Studio 2010\Projects\CS164MiniGolf\MiniGolf_CS164\Debug\link.6784.read.1.tlog
C:\Users\Kenny\Documents\Visual Studio 2010\Projects\CS164MiniGolf\MiniGolf_CS164\Debug\link.6784.write.1.tlog
C:\Users\Kenny\Documents\Visual Studio 2010\Projects\CS164MiniGolf\MiniGolf_CS164\Debug\link.6784-cvtres.read.1.tlog
C:\Users\Kenny\Documents\Visual Studio 2010\Projects\CS164MiniGolf\MiniGolf_CS164\Debug\link.6784-cvtres.write.1.tlog
C:\Users\Kenny\Documents\Visual Studio 2010\Projects\CS164MiniGolf\MiniGolf_CS164\Debug\link.command.1.tlog
C:\Users\Kenny\Documents\Visual Studio 2010\Projects\CS164MiniGolf\MiniGolf_CS164\Debug\link.read.1.tlog
C:\Users\Kenny\Documents\Visual Studio 2010\Projects\CS164MiniGolf\MiniGolf_CS164\Debug\link.write.1.tlog
C:\Users\Kenny\Documents\Visual Studio 2010\Projects\CS164MiniGolf\MiniGolf_CS164\Debug\link-cvtres.read.1.tlog
C:\Users\Kenny\Documents\Visual Studio 2010\Projects\CS164MiniGolf\MiniGolf_CS164\Debug\link-cvtres.write.1.tlog
C:\USERS\KENNY\DOCUMENTS\VISUAL STUDIO 2010\PROJECTS\CS164MINIGOLF\MINIGOLF_CS164\DEBUG\MAIN.OBJ
C:\USERS\KENNY\DOCUMENTS\VISUAL STUDIO 2010\PROJECTS\CS164MINIGOLF\MINIGOLF_CS164\DEBUG\MATRIXOBJECT.OBJ
C:\USERS\KENNY\DOCUMENTS\VISUAL STUDIO 2010\PROJECTS\CS164MINIGOLF\MINIGOLF_CS164\DEBUG\MINIGOLF_CS164.EXE.EMBED.MANIFEST
C:\USERS\KENNY\DOCUMENTS\VISUAL STUDIO 2010\PROJECTS\CS164MINIGOLF\MINIGOLF_CS164\DEBUG\MINIGOLF_CS164.EXE.EMBED.MANIFEST.RES
C:\USERS\KENNY\DOCUMENTS\VISUAL STUDIO 2010\PROJECTS\CS164MINIGOLF\MINIGOLF_CS164\DEBUG\MINIGOLF_CS164.EXE.INTERMEDIATE.MANIFEST
C:\Users\Kenny\Documents\Visual Studio 2010\Projects\CS164MiniGolf\MiniGolf_CS164\Debug\MiniGolf_CS164.vcxprojResolveAssemblyReference.cache
C:\Users\Kenny\Documents\Visual Studio 2010\Projects\CS164MiniGolf\MiniGolf_CS164\Debug\MiniGolf_CS164.write.1.tlog
C:\Users\Kenny\Documents\Visual Studio 2010\Projects\CS164MiniGolf\MiniGolf_CS164\Debug\MiniGolf_CS164_manifest.rc
C:\Users\Kenny\Documents\Visual Studio 2010\Projects\CS164MiniGolf\MiniGolf_CS164\Debug\mt.command.1.tlog
C:\Users\Kenny\Documents\Visual Studio 2010\Projects\CS164MiniGolf\MiniGolf_CS164\Debug\mt.read.1.tlog
C:\Users\Kenny\Documents\Visual Studio 2010\Projects\CS164MiniGolf\MiniGolf_CS164\Debug\mt.write.1.tlog
C:\USERS\KENNY\DOCUMENTS\VISUAL STUDIO 2010\PROJECTS\CS164MINIGOLF\MINIGOLF_CS164\DEBUG\PROJECTION.OBJ
C:\Users\Kenny\Documents\Visual Studio 2010\Projects\CS164MiniGolf\MiniGolf_CS164\Debug\rc.command.1.tlog
C:\Users\Kenny\Documents\Visual Studio 2010\Projects\CS164MiniGolf\MiniGolf_CS164\Debug\rc.read.1.tlog
C:\Users\Kenny\Documents\Visual Studio 2010\Projects\CS164MiniGolf\MiniGolf_CS164\Debug\rc.write.1.tlog
C:\USERS\KENNY\DOCUMENTS\VISUAL STUDIO 2010\PROJECTS\CS164MINIGOLF\MINIGOLF_CS164\DEBUG\RENDERABLE.OBJ
C:\USERS\KENNY\DOCUMENTS\VISUAL STUDIO 2010\PROJECTS\CS164MINIGOLF\MINIGOLF_CS164\DEBUG\SHADER.OBJ
C:\USERS\KENNY\DOCUMENTS\VISUAL STUDIO 2010\PROJECTS\CS164MINIGOLF\MINIGOLF_CS164\DEBUG\TILE.OBJ
C:\USERS\KENNY\DOCUMENTS\VISUAL STUDIO 2010\PROJECTS\CS164MINIGOLF\MINIGOLF_CS164\DEBUG\USERINPUT.OBJ
C:\Users\Kenny\Documents\Visual Studio 2010\Projects\CS164MiniGolf\MiniGolf_CS164\Debug\vc100.idb
C:\USERS\KENNY\DOCUMENTS\VISUAL STUDIO 2010\PROJECTS\CS164MINIGOLF\MINIGOLF_CS164\DEBUG\VC100.PDB
C:\USERS\KENNY\DOCUMENTS\VISUAL STUDIO 2010\PROJECTS\CS164MINIGOLF\MINIGOLF_CS164\DEBUG\VERTEXOBJECT.OBJ
